This is pdfTeX, Version 3.141592653-2.6-1.40.24 (TeX Live 2022) (preloaded format=pdflatex 2022.11.15)  21 JAN 2023 17:00
entering extended mode
 restricted \write18 enabled.
 file:line:error style messages enabled.
 %&-line parsing enabled.
**"112103128_Assignment 4.tex"
(./112103128_Assignment 4.tex
LaTeX2e <2021-11-15> patch level 1
L3 programming layer <2022-02-24>
(/usr/local/texlive/2022/texmf-dist/tex/latex/base/article.cls
Document Class: article 2021/10/04 v1.4n Standard LaTeX document class
(/usr/local/texlive/2022/texmf-dist/tex/latex/base/size12.clo
File: size12.clo 2021/10/04 v1.4n Standard LaTeX file (size option)
)
\c@part=\count185
\c@section=\count186
\c@subsection=\count187
\c@subsubsection=\count188
\c@paragraph=\count189
\c@subparagraph=\count190
\c@figure=\count191
\c@table=\count192
\abovecaptionskip=\skip47
\belowcaptionskip=\skip48
\bibindent=\dimen138
)
(/usr/local/texlive/2022/texmf-dist/tex/latex/amsmath/amsmath.sty
Package: amsmath 2021/10/15 v2.17l AMS math features
\@mathmargin=\skip49

For additional information on amsmath, use the `?' option.
(/usr/local/texlive/2022/texmf-dist/tex/latex/amsmath/amstext.sty
Package: amstext 2021/08/26 v2.01 AMS text

(/usr/local/texlive/2022/texmf-dist/tex/latex/amsmath/amsgen.sty
File: amsgen.sty 1999/11/30 v2.0 generic functions
\@emptytoks=\toks16
\ex@=\dimen139
))
(/usr/local/texlive/2022/texmf-dist/tex/latex/amsmath/amsbsy.sty
Package: amsbsy 1999/11/29 v1.2d Bold Symbols
\pmbraise@=\dimen140
)
(/usr/local/texlive/2022/texmf-dist/tex/latex/amsmath/amsopn.sty
Package: amsopn 2021/08/26 v2.02 operator names
)
\inf@bad=\count193
LaTeX Info: Redefining \frac on input line 234.
\uproot@=\count194
\leftroot@=\count195
LaTeX Info: Redefining \overline on input line 399.
\classnum@=\count196
\DOTSCASE@=\count197
LaTeX Info: Redefining \ldots on input line 496.
LaTeX Info: Redefining \dots on input line 499.
LaTeX Info: Redefining \cdots on input line 620.
\Mathstrutbox@=\box50
\strutbox@=\box51
\big@size=\dimen141
LaTeX Font Info:    Redeclaring font encoding OML on input line 743.
LaTeX Font Info:    Redeclaring font encoding OMS on input line 744.
\macc@depth=\count198
\c@MaxMatrixCols=\count199
\dotsspace@=\muskip16
\c@parentequation=\count266
\dspbrk@lvl=\count267
\tag@help=\toks17
\row@=\count268
\column@=\count269
\maxfields@=\count270
\andhelp@=\toks18
\eqnshift@=\dimen142
\alignsep@=\dimen143
\tagshift@=\dimen144
\tagwidth@=\dimen145
\totwidth@=\dimen146
\lineht@=\dimen147
\@envbody=\toks19
\multlinegap=\skip50
\multlinetaggap=\skip51
\mathdisplay@stack=\toks20
LaTeX Info: Redefining \[ on input line 2938.
LaTeX Info: Redefining \] on input line 2939.
)
(/usr/local/texlive/2022/texmf-dist/tex/latex/graphics/graphicx.sty
Package: graphicx 2021/09/16 v1.2d Enhanced LaTeX Graphics (DPC,SPQR)

(/usr/local/texlive/2022/texmf-dist/tex/latex/graphics/keyval.sty
Package: keyval 2014/10/28 v1.15 key=value parser (DPC)
\KV@toks@=\toks21
)
(/usr/local/texlive/2022/texmf-dist/tex/latex/graphics/graphics.sty
Package: graphics 2021/03/04 v1.4d Standard LaTeX Graphics (DPC,SPQR)

(/usr/local/texlive/2022/texmf-dist/tex/latex/graphics/trig.sty
Package: trig 2021/08/11 v1.11 sin cos tan (DPC)
)
(/usr/local/texlive/2022/texmf-dist/tex/latex/graphics-cfg/graphics.cfg
File: graphics.cfg 2016/06/04 v1.11 sample graphics configuration
)
Package graphics Info: Driver file: pdftex.def on input line 107.

(/usr/local/texlive/2022/texmf-dist/tex/latex/graphics-def/pdftex.def
File: pdftex.def 2020/10/05 v1.2a Graphics/color driver for pdftex
))
\Gin@req@height=\dimen148
\Gin@req@width=\dimen149
)
(/usr/local/texlive/2022/texmf-dist/tex/latex/caption/caption.sty
Package: caption 2022/03/01 v3.6b Customizing captions (AR)

(/usr/local/texlive/2022/texmf-dist/tex/latex/caption/caption3.sty
Package: caption3 2022/03/17 v2.3b caption3 kernel (AR)
\caption@tempdima=\dimen150
\captionmargin=\dimen151
\caption@leftmargin=\dimen152
\caption@rightmargin=\dimen153
\caption@width=\dimen154
\caption@indent=\dimen155
\caption@parindent=\dimen156
\caption@hangindent=\dimen157
Package caption Info: Standard document class detected.
)
\c@caption@flags=\count271
\c@continuedfloat=\count272
)
(/usr/local/texlive/2022/texmf-dist/tex/latex/caption/subcaption.sty
Package: subcaption 2022/01/07 v1.5 Sub-captions (AR)
\c@subfigure=\count273
\c@subtable=\count274
)
(/usr/local/texlive/2022/texmf-dist/tex/latex/csvsimple/csvsimple.sty
(/usr/local/texlive/2022/texmf-dist/tex/latex/l3packages/l3keys2e/l3keys2e.sty
(/usr/local/texlive/2022/texmf-dist/tex/latex/l3kernel/expl3.sty
Package: expl3 2022-02-24 L3 programming layer (loader) 

(/usr/local/texlive/2022/texmf-dist/tex/latex/l3backend/l3backend-pdftex.def
File: l3backend-pdftex.def 2022-02-07 L3 backend support: PDF output (pdfTeX)
\l__color_backend_stack_int=\count275
\l__pdf_internal_box=\box52
))
Package: l3keys2e 2022-01-12 LaTeX2e option processing using LaTeX3 keys
)
Package: csvsimple 2022/02/01 v2.3.0 LaTeX CSV file processing
) (/usr/local/texlive/2022/texmf-dist/tex/latex/csvsimple/csvsimple-legacy.sty
Package: csvsimple-legacy 2022/02/01 version 2.3.0 LaTeX2e CSV file processing

(/usr/local/texlive/2022/texmf-dist/tex/latex/pgf/utilities/pgfrcs.sty
(/usr/local/texlive/2022/texmf-dist/tex/generic/pgf/utilities/pgfutil-common.te
x
\pgfutil@everybye=\toks22
\pgfutil@tempdima=\dimen158
\pgfutil@tempdimb=\dimen159

(/usr/local/texlive/2022/texmf-dist/tex/generic/pgf/utilities/pgfutil-common-li
sts.tex))
(/usr/local/texlive/2022/texmf-dist/tex/generic/pgf/utilities/pgfutil-latex.def
\pgfutil@abb=\box53
) (/usr/local/texlive/2022/texmf-dist/tex/generic/pgf/utilities/pgfrcs.code.tex
(/usr/local/texlive/2022/texmf-dist/tex/generic/pgf/pgf.revision.tex)
Package: pgfrcs 2021/05/15 v3.1.9a (3.1.9a)
))
(/usr/local/texlive/2022/texmf-dist/tex/latex/pgf/utilities/pgfkeys.sty
(/usr/local/texlive/2022/texmf-dist/tex/generic/pgf/utilities/pgfkeys.code.tex
\pgfkeys@pathtoks=\toks23
\pgfkeys@temptoks=\toks24

(/usr/local/texlive/2022/texmf-dist/tex/generic/pgf/utilities/pgfkeysfiltered.c
ode.tex
\pgfkeys@tmptoks=\toks25
))) (/usr/local/texlive/2022/texmf-dist/tex/latex/base/ifthen.sty
Package: ifthen 2020/11/24 v1.1c Standard LaTeX ifthen package (DPC)
)
(/usr/local/texlive/2022/texmf-dist/tex/latex/etoolbox/etoolbox.sty
Package: etoolbox 2020/10/05 v2.5k e-TeX tools for LaTeX (JAW)
\etb@tempcnta=\count276
)
(/usr/local/texlive/2022/texmf-dist/tex/latex/tools/shellesc.sty
Package: shellesc 2019/11/08 v1.0c unified shell escape interface for LaTeX
Package shellesc Info: Restricted shell escape enabled on input line 77.
)
\csv@file=\read2
\c@csvinputline=\count277
\c@csvrow=\count278
\c@csvcol=\count279
\csv@out=\write3
)
(./112103128_Assignment 4.aux)
\openout1 = `"112103128_Assignment 4.aux"'.

LaTeX Font Info:    Checking defaults for OML/cmm/m/it on input line 14.
LaTeX Font Info:    ... okay on input line 14.
LaTeX Font Info:    Checking defaults for OMS/cmsy/m/n on input line 14.
LaTeX Font Info:    ... okay on input line 14.
LaTeX Font Info:    Checking defaults for OT1/cmr/m/n on input line 14.
LaTeX Font Info:    ... okay on input line 14.
LaTeX Font Info:    Checking defaults for T1/cmr/m/n on input line 14.
LaTeX Font Info:    ... okay on input line 14.
LaTeX Font Info:    Checking defaults for TS1/cmr/m/n on input line 14.
LaTeX Font Info:    ... okay on input line 14.
LaTeX Font Info:    Checking defaults for OMX/cmex/m/n on input line 14.
LaTeX Font Info:    ... okay on input line 14.
LaTeX Font Info:    Checking defaults for U/cmr/m/n on input line 14.
LaTeX Font Info:    ... okay on input line 14.

(/usr/local/texlive/2022/texmf-dist/tex/context/base/mkii/supp-pdf.mkii
[Loading MPS to PDF converter (version 2006.09.02).]
\scratchcounter=\count280
\scratchdimen=\dimen160
\scratchbox=\box54
\nofMPsegments=\count281
\nofMParguments=\count282
\everyMPshowfont=\toks26
\MPscratchCnt=\count283
\MPscratchDim=\dimen161
\MPnumerator=\count284
\makeMPintoPDFobject=\count285
\everyMPtoPDFconversion=\toks27
) (/usr/local/texlive/2022/texmf-dist/tex/latex/epstopdf-pkg/epstopdf-base.sty
Package: epstopdf-base 2020-01-24 v2.11 Base part for package epstopdf
Package epstopdf-base Info: Redefining graphics rule for `.eps' on input line 4
85.

(/usr/local/texlive/2022/texmf-dist/tex/latex/latexconfig/epstopdf-sys.cfg
File: epstopdf-sys.cfg 2010/07/13 v1.3 Configuration of (r)epstopdf for TeX Liv
e
))
Package caption Info: Begin \AtBeginDocument code.
Package caption Info: End \AtBeginDocument code.


LaTeX Warning: No \author given.


Underfull \hbox (badness 10000) in paragraph at lines 17--22

 []

(./112103128_Assignment 4.toc)
\tf@toc=\write4
\openout4 = `"112103128_Assignment 4.toc"'.

 [1

{/usr/local/texlive/2022/texmf-var/fonts/map/pdftex/updmap/pdftex.map}]
Underfull \hbox (badness 10000) in paragraph at lines 30--35

 []


Underfull \hbox (badness 10000) in paragraph at lines 30--35

 []


Underfull \hbox (badness 10000) in paragraph at lines 30--35

 []


Underfull \hbox (badness 10000) in paragraph at lines 36--38

 []


Underfull \hbox (badness 10000) in paragraph at lines 36--38

 []


Underfull \hbox (badness 10000) in paragraph at lines 36--38

 []


Overfull \hbox (3.341pt too wide) in paragraph at lines 39--44
[]\OT1/cmr/m/n/12 (Q3) Say True/ False. Jus-tify your answer.| [4 Marks] 
 []


Underfull \hbox (badness 10000) in paragraph at lines 39--44

 []


Underfull \hbox (badness 10000) in paragraph at lines 39--44

 []


Underfull \hbox (badness 10000) in paragraph at lines 39--44

 []


Underfull \hbox (badness 10000) in paragraph at lines 45--54

 []


Underfull \hbox (badness 10000) in paragraph at lines 45--54

 []


Underfull \hbox (badness 10000) in paragraph at lines 45--54

 []


Overfull \hbox (9.31pt too wide) in paragraph at lines 55--57
\OT1/cmr/m/n/12 ( width=$[]\OML/cmm/m/it/12 andheight \OT1/cmr/m/n/12 = []$. )|
 [2 Marks] 
 []


Underfull \hbox (badness 10000) in paragraph at lines 55--57

 []


Underfull \hbox (badness 10000) in paragraph at lines 55--57

 []


Underfull \hbox (badness 10000) in paragraph at lines 55--57

 []

[2]
Overfull \hbox (1.25703pt too wide) in paragraph at lines 58--61
[]\OT1/cmr/m/n/12 (Q6)Prove the fol-low-ing inequalities.| [4 Marks] 
 []

[3]
Underfull \hbox (badness 10000) in paragraph at lines 67--71

 []


Underfull \hbox (badness 10000) in paragraph at lines 67--71

 []


Underfull \hbox (badness 10000) in paragraph at lines 67--71

 []


Underfull \hbox (badness 10000) in paragraph at lines 72--76

 []


Underfull \hbox (badness 10000) in paragraph at lines 72--76

 []


Underfull \hbox (badness 10000) in paragraph at lines 72--76

 []


Overfull \hbox (13.98854pt too wide) in paragraph at lines 77--97
\OT1/cmr/m/n/12 for the given period.| [4 Marks] 
 []


Underfull \hbox (badness 10000) in paragraph at lines 77--97

 []


Underfull \hbox (badness 10000) in paragraph at lines 77--97

 []


Underfull \hbox (badness 10000) in paragraph at lines 77--97

 []


Overfull \hbox (2.4506pt too wide) in paragraph at lines 98--101
[]\OT1/cmr/m/n/12 (Q4)Solve the fol-low-ing : | [4 Marks] 
 []


Underfull \hbox (badness 10000) in paragraph at lines 98--101

 []


Underfull \hbox (badness 10000) in paragraph at lines 98--101

 []


Underfull \hbox (badness 10000) in paragraph at lines 98--101

 []

[4] [5]

./112103128_Assignment 4.tex:121: LaTeX Error: Illegal character in array arg.

See the LaTeX manual or LaTeX Companion for explanation.
Type  H <return>  for immediate help.
 ...                                              
                                                  
l.121 \begin{tabular}{1|1|1|1|}
                               
? 

./112103128_Assignment 4.tex:121: LaTeX Error: Illegal character in array arg.

See the LaTeX manual or LaTeX Companion for explanation.
Type  H <return>  for immediate help.
 ...                                              
                                                  
l.121 \begin{tabular}{1|1|1|1|}
                               
? 

./112103128_Assignment 4.tex:121: LaTeX Error: Illegal character in array arg.

See the LaTeX manual or LaTeX Companion for explanation.
Type  H <return>  for immediate help.
 ...                                              
                                                  
l.121 \begin{tabular}{1|1|1|1|}
                               
? 

./112103128_Assignment 4.tex:121: LaTeX Error: Illegal character in array arg.

See the LaTeX manual or LaTeX Companion for explanation.
Type  H <return>  for immediate help.
 ...                                              
                                                  
l.121 \begin{tabular}{1|1|1|1|}
                               
? 

./112103128_Assignment 4.tex:129: LaTeX Error: \begin{tabular} on input line 12
1 ended by \end{tubular}.

See the LaTeX manual or LaTeX Companion for explanation.
Type  H <return>  for immediate help.
 ...                                              
                                                  
l.129 \end{tubular}
                   
? 
./112103128_Assignment 4.tex:129: Missing } inserted.
<inserted text> 
                }
l.129 \end{tubular}
                   
? 
./112103128_Assignment 4.tex:129: Missing } inserted.
<inserted text> 
                }
l.129 \end{tubular}
                   
? 
./112103128_Assignment 4.tex:129: Missing \cr inserted.
<inserted text> 
                \cr 
l.129 \end{tubular}
                   
? 
./112103128_Assignment 4.tex:129: Missing { inserted.
<inserted text> 
                {
l.129 \end{tubular}
                   
? 
./112103128_Assignment 4.tex:129: Missing } inserted.
<inserted text> 
                }
l.129 \end{tubular}
                   
? 
./112103128_Assignment 4.tex:129: Missing $ inserted.
<inserted text> 
                $
l.129 \end{tubular}
                   
? 
./112103128_Assignment 4.tex:129: Missing } inserted.
<inserted text> 
                }
l.129 \end{tubular}
                   
? 

LaTeX Info: File `grade.csv' already exists on the system.
            Not generating it from this source.

[6]
Underfull \hbox (badness 10000) in paragraph at lines 159--161

 []

<universe.png, id=33, 489.83pt x 381.425pt>
File: universe.png Graphic file (type png)
<use universe.png>
Package pdftex.def Info: universe.png  used on input line 162.
(pdftex.def)             Requested size: 227.61911pt x 227.6229pt.

Underfull \hbox (badness 10000) in paragraph at lines 162--163

 []

[7 <./universe.png>] [8] (./112103128_Assignment 4.aux) )
(\end occurred inside a group at level 1)

### simple group (level 1) entered at line 17 ({)
### bottom level 
Here is how much of TeX's memory you used:
 5211 strings out of 478268
 99566 string characters out of 5846346
 392042 words of memory out of 5000000
 23368 multiletter control sequences out of 15000+600000
 476565 words of font info for 53 fonts, out of 8000000 for 9000
 1141 hyphenation exceptions out of 8191
 68i,11n,77p,998b,442s stack positions out of 10000i,1000n,20000p,200000b,200000s
</usr/local/texlive/2022/texmf-dist/fonts/type1/public/amsfonts
/cm/cmbx12.pfb></usr/local/texlive/2022/texmf-dist/fonts/type1/public/amsfonts/
cm/cmbxti10.pfb></usr/local/texlive/2022/texmf-dist/fonts/type1/public/amsfonts
/cm/cmex10.pfb></usr/local/texlive/2022/texmf-dist/fonts/type1/public/amsfonts/
cm/cmmi12.pfb></usr/local/texlive/2022/texmf-dist/fonts/type1/public/amsfonts/c
m/cmmi6.pfb></usr/local/texlive/2022/texmf-dist/fonts/type1/public/amsfonts/cm/
cmmi8.pfb></usr/local/texlive/2022/texmf-dist/fonts/type1/public/amsfonts/cm/cm
r12.pfb></usr/local/texlive/2022/texmf-dist/fonts/type1/public/amsfonts/cm/cmr6
.pfb></usr/local/texlive/2022/texmf-dist/fonts/type1/public/amsfonts/cm/cmr8.pf
b></usr/local/texlive/2022/texmf-dist/fonts/type1/public/amsfonts/cm/cmsy10.pfb
></usr/local/texlive/2022/texmf-dist/fonts/type1/public/amsfonts/cm/cmsy8.pfb><
/usr/local/texlive/2022/texmf-dist/fonts/type1/public/amsfonts/cm/cmti12.pfb>
Output written on "112103128_Assignment 4.pdf" (8 pages, 1799519 bytes).
PDF statistics:
 94 PDF objects out of 1000 (max. 8388607)
 57 compressed objects within 1 object stream
 0 named destinations out of 1000 (max. 500000)
 6 words of extra memory for PDF output out of 10000 (max. 10000000)

